<?xml version="1.0" encoding="UTF-8"?>
<testsuite xmlns:xsi="http://www.w3.org/2001/XMLSchema-instance" xsi:noNamespaceSchemaLocation="https://maven.apache.org/surefire/maven-surefire-plugin/xsd/surefire-test-report.xsd" name="TestSuite" time="95.37" tests="8" errors="0" skipped="0" failures="1">
  <properties>
    <property name="sun.desktop" value="windows"/>
    <property name="awt.toolkit" value="sun.awt.windows.WToolkit"/>
    <property name="file.encoding.pkg" value="sun.io"/>
    <property name="java.specification.version" value="1.8"/>
    <property name="sun.cpu.isalist" value="amd64"/>
    <property name="sun.jnu.encoding" value="GBK"/>
    <property name="java.class.path" value="D:\code\java20\auto_app\target\test-classes;D:\code\java20\auto_app\target\classes;D:\azrj\apache-maven-3.6.1\repo\io\appium\java-client\7.0.0\java-client-7.0.0.jar;D:\azrj\apache-maven-3.6.1\repo\org\seleniumhq\selenium\selenium-java\3.141.59\selenium-java-3.141.59.jar;D:\azrj\apache-maven-3.6.1\repo\org\seleniumhq\selenium\selenium-chrome-driver\3.141.59\selenium-chrome-driver-3.141.59.jar;D:\azrj\apache-maven-3.6.1\repo\org\seleniumhq\selenium\selenium-edge-driver\3.141.59\selenium-edge-driver-3.141.59.jar;D:\azrj\apache-maven-3.6.1\repo\org\seleniumhq\selenium\selenium-firefox-driver\3.141.59\selenium-firefox-driver-3.141.59.jar;D:\azrj\apache-maven-3.6.1\repo\org\seleniumhq\selenium\selenium-ie-driver\3.141.59\selenium-ie-driver-3.141.59.jar;D:\azrj\apache-maven-3.6.1\repo\org\seleniumhq\selenium\selenium-opera-driver\3.141.59\selenium-opera-driver-3.141.59.jar;D:\azrj\apache-maven-3.6.1\repo\org\seleniumhq\selenium\selenium-remote-driver\3.141.59\selenium-remote-driver-3.141.59.jar;D:\azrj\apache-maven-3.6.1\repo\org\seleniumhq\selenium\selenium-safari-driver\3.141.59\selenium-safari-driver-3.141.59.jar;D:\azrj\apache-maven-3.6.1\repo\net\bytebuddy\byte-buddy\1.8.15\byte-buddy-1.8.15.jar;D:\azrj\apache-maven-3.6.1\repo\org\apache\commons\commons-exec\1.3\commons-exec-1.3.jar;D:\azrj\apache-maven-3.6.1\repo\com\google\guava\guava\25.0-jre\guava-25.0-jre.jar;D:\azrj\apache-maven-3.6.1\repo\com\google\code\findbugs\jsr305\1.3.9\jsr305-1.3.9.jar;D:\azrj\apache-maven-3.6.1\repo\org\checkerframework\checker-compat-qual\2.0.0\checker-compat-qual-2.0.0.jar;D:\azrj\apache-maven-3.6.1\repo\com\google\errorprone\error_prone_annotations\2.1.3\error_prone_annotations-2.1.3.jar;D:\azrj\apache-maven-3.6.1\repo\com\google\j2objc\j2objc-annotations\1.1\j2objc-annotations-1.1.jar;D:\azrj\apache-maven-3.6.1\repo\org\codehaus\mojo\animal-sniffer-annotations\1.14\animal-sniffer-annotations-1.14.jar;D:\azrj\apache-maven-3.6.1\repo\com\squareup\okhttp3\okhttp\3.11.0\okhttp-3.11.0.jar;D:\azrj\apache-maven-3.6.1\repo\com\squareup\okio\okio\1.14.0\okio-1.14.0.jar;D:\azrj\apache-maven-3.6.1\repo\org\seleniumhq\selenium\selenium-support\3.141.59\selenium-support-3.141.59.jar;D:\azrj\apache-maven-3.6.1\repo\org\seleniumhq\selenium\selenium-api\3.141.59\selenium-api-3.141.59.jar;D:\azrj\apache-maven-3.6.1\repo\com\google\code\gson\gson\2.8.5\gson-2.8.5.jar;D:\azrj\apache-maven-3.6.1\repo\org\apache\httpcomponents\httpclient\4.5.6\httpclient-4.5.6.jar;D:\azrj\apache-maven-3.6.1\repo\org\apache\httpcomponents\httpcore\4.4.10\httpcore-4.4.10.jar;D:\azrj\apache-maven-3.6.1\repo\commons-logging\commons-logging\1.2\commons-logging-1.2.jar;D:\azrj\apache-maven-3.6.1\repo\commons-codec\commons-codec\1.10\commons-codec-1.10.jar;D:\azrj\apache-maven-3.6.1\repo\cglib\cglib\3.2.8\cglib-3.2.8.jar;D:\azrj\apache-maven-3.6.1\repo\org\ow2\asm\asm\6.2.1\asm-6.2.1.jar;D:\azrj\apache-maven-3.6.1\repo\org\apache\ant\ant\1.10.3\ant-1.10.3.jar;D:\azrj\apache-maven-3.6.1\repo\org\apache\ant\ant-launcher\1.10.3\ant-launcher-1.10.3.jar;D:\azrj\apache-maven-3.6.1\repo\commons-validator\commons-validator\1.6\commons-validator-1.6.jar;D:\azrj\apache-maven-3.6.1\repo\commons-beanutils\commons-beanutils\1.9.2\commons-beanutils-1.9.2.jar;D:\azrj\apache-maven-3.6.1\repo\commons-digester\commons-digester\1.8.1\commons-digester-1.8.1.jar;D:\azrj\apache-maven-3.6.1\repo\commons-collections\commons-collections\3.2.2\commons-collections-3.2.2.jar;D:\azrj\apache-maven-3.6.1\repo\org\apache\commons\commons-lang3\3.8\commons-lang3-3.8.jar;D:\azrj\apache-maven-3.6.1\repo\commons-io\commons-io\2.6\commons-io-2.6.jar;D:\azrj\apache-maven-3.6.1\repo\org\springframework\spring-context\5.1.0.RELEASE\spring-context-5.1.0.RELEASE.jar;D:\azrj\apache-maven-3.6.1\repo\org\springframework\spring-aop\5.1.0.RELEASE\spring-aop-5.1.0.RELEASE.jar;D:\azrj\apache-maven-3.6.1\repo\org\springframework\spring-beans\5.1.0.RELEASE\spring-beans-5.1.0.RELEASE.jar;D:\azrj\apache-maven-3.6.1\repo\org\springframework\spring-core\5.1.0.RELEASE\spring-core-5.1.0.RELEASE.jar;D:\azrj\apache-maven-3.6.1\repo\org\springframework\spring-jcl\5.1.0.RELEASE\spring-jcl-5.1.0.RELEASE.jar;D:\azrj\apache-maven-3.6.1\repo\org\springframework\spring-expression\5.1.0.RELEASE\spring-expression-5.1.0.RELEASE.jar;D:\azrj\apache-maven-3.6.1\repo\org\aspectj\aspectjweaver\1.9.1\aspectjweaver-1.9.1.jar;D:\azrj\apache-maven-3.6.1\repo\org\slf4j\slf4j-api\1.7.25\slf4j-api-1.7.25.jar;D:\azrj\apache-maven-3.6.1\repo\org\testng\testng\7.0.0\testng-7.0.0.jar;D:\azrj\apache-maven-3.6.1\repo\com\beust\jcommander\1.72\jcommander-1.72.jar;D:\azrj\apache-maven-3.6.1\repo\log4j\log4j\1.2.17\log4j-1.2.17.jar;D:\azrj\apache-maven-3.6.1\repo\io\qameta\allure\allure-testng\2.6.0\allure-testng-2.6.0.jar;D:\azrj\apache-maven-3.6.1\repo\io\qameta\allure\allure-descriptions-javadoc\2.6.0\allure-descriptions-javadoc-2.6.0.jar;D:\azrj\apache-maven-3.6.1\repo\io\qameta\allure\allure-java-commons\2.6.0\allure-java-commons-2.6.0.jar;D:\azrj\apache-maven-3.6.1\repo\io\qameta\allure\allure2-model-api\1.0-BETA6\allure2-model-api-1.0-BETA6.jar;D:\azrj\apache-maven-3.6.1\repo\io\qameta\allure\allure2-model-pojo\1.0-BETA6\allure2-model-pojo-1.0-BETA6.jar;D:\azrj\apache-maven-3.6.1\repo\org\apache\tika\tika-core\1.14\tika-core-1.14.jar;D:\azrj\apache-maven-3.6.1\repo\io\qameta\allure\allure2-model-jackson\1.0-BETA6\allure2-model-jackson-1.0-BETA6.jar;D:\azrj\apache-maven-3.6.1\repo\com\fasterxml\jackson\core\jackson-databind\2.7.0\jackson-databind-2.7.0.jar;D:\azrj\apache-maven-3.6.1\repo\com\fasterxml\jackson\core\jackson-annotations\2.7.0\jackson-annotations-2.7.0.jar;D:\azrj\apache-maven-3.6.1\repo\com\fasterxml\jackson\core\jackson-core\2.7.0\jackson-core-2.7.0.jar;D:\azrj\apache-maven-3.6.1\repo\com\fasterxml\jackson\module\jackson-module-jaxb-annotations\2.7.0\jackson-module-jaxb-annotations-2.7.0.jar;D:\azrj\apache-maven-3.6.1\repo\org\aspectj\aspectjrt\1.8.10\aspectjrt-1.8.10.jar;D:\azrj\apache-maven-3.6.1\repo\org\jooq\joor\0.9.6\joor-0.9.6.jar;"/>
    <property name="java.vm.vendor" value="Oracle Corporation"/>
    <property name="sun.arch.data.model" value="64"/>
    <property name="user.variant" value=""/>
    <property name="java.vendor.url" value="http://java.oracle.com/"/>
    <property name="user.timezone" value="Asia/Shanghai"/>
    <property name="java.vm.specification.version" value="1.8"/>
    <property name="os.name" value="Windows 10"/>
    <property name="user.country" value="CN"/>
    <property name="sun.java.launcher" value="SUN_STANDARD"/>
    <property name="sun.boot.library.path" value="D:\Java\jdk1.8.0_231\jre\bin"/>
    <property name="sun.java.command" value="C:\Users\luojie\AppData\Local\Temp\surefire7018069706129191106\surefirebooter1420782618735159322.jar C:\Users\luojie\AppData\Local\Temp\surefire7018069706129191106 2020-10-20T21-30-53_546-jvmRun1 surefire968412135823015768tmp surefire_08637950869817281518tmp"/>
    <property name="surefire.test.class.path" value="D:\code\java20\auto_app\target\test-classes;D:\code\java20\auto_app\target\classes;D:\azrj\apache-maven-3.6.1\repo\io\appium\java-client\7.0.0\java-client-7.0.0.jar;D:\azrj\apache-maven-3.6.1\repo\org\seleniumhq\selenium\selenium-java\3.141.59\selenium-java-3.141.59.jar;D:\azrj\apache-maven-3.6.1\repo\org\seleniumhq\selenium\selenium-chrome-driver\3.141.59\selenium-chrome-driver-3.141.59.jar;D:\azrj\apache-maven-3.6.1\repo\org\seleniumhq\selenium\selenium-edge-driver\3.141.59\selenium-edge-driver-3.141.59.jar;D:\azrj\apache-maven-3.6.1\repo\org\seleniumhq\selenium\selenium-firefox-driver\3.141.59\selenium-firefox-driver-3.141.59.jar;D:\azrj\apache-maven-3.6.1\repo\org\seleniumhq\selenium\selenium-ie-driver\3.141.59\selenium-ie-driver-3.141.59.jar;D:\azrj\apache-maven-3.6.1\repo\org\seleniumhq\selenium\selenium-opera-driver\3.141.59\selenium-opera-driver-3.141.59.jar;D:\azrj\apache-maven-3.6.1\repo\org\seleniumhq\selenium\selenium-remote-driver\3.141.59\selenium-remote-driver-3.141.59.jar;D:\azrj\apache-maven-3.6.1\repo\org\seleniumhq\selenium\selenium-safari-driver\3.141.59\selenium-safari-driver-3.141.59.jar;D:\azrj\apache-maven-3.6.1\repo\net\bytebuddy\byte-buddy\1.8.15\byte-buddy-1.8.15.jar;D:\azrj\apache-maven-3.6.1\repo\org\apache\commons\commons-exec\1.3\commons-exec-1.3.jar;D:\azrj\apache-maven-3.6.1\repo\com\google\guava\guava\25.0-jre\guava-25.0-jre.jar;D:\azrj\apache-maven-3.6.1\repo\com\google\code\findbugs\jsr305\1.3.9\jsr305-1.3.9.jar;D:\azrj\apache-maven-3.6.1\repo\org\checkerframework\checker-compat-qual\2.0.0\checker-compat-qual-2.0.0.jar;D:\azrj\apache-maven-3.6.1\repo\com\google\errorprone\error_prone_annotations\2.1.3\error_prone_annotations-2.1.3.jar;D:\azrj\apache-maven-3.6.1\repo\com\google\j2objc\j2objc-annotations\1.1\j2objc-annotations-1.1.jar;D:\azrj\apache-maven-3.6.1\repo\org\codehaus\mojo\animal-sniffer-annotations\1.14\animal-sniffer-annotations-1.14.jar;D:\azrj\apache-maven-3.6.1\repo\com\squareup\okhttp3\okhttp\3.11.0\okhttp-3.11.0.jar;D:\azrj\apache-maven-3.6.1\repo\com\squareup\okio\okio\1.14.0\okio-1.14.0.jar;D:\azrj\apache-maven-3.6.1\repo\org\seleniumhq\selenium\selenium-support\3.141.59\selenium-support-3.141.59.jar;D:\azrj\apache-maven-3.6.1\repo\org\seleniumhq\selenium\selenium-api\3.141.59\selenium-api-3.141.59.jar;D:\azrj\apache-maven-3.6.1\repo\com\google\code\gson\gson\2.8.5\gson-2.8.5.jar;D:\azrj\apache-maven-3.6.1\repo\org\apache\httpcomponents\httpclient\4.5.6\httpclient-4.5.6.jar;D:\azrj\apache-maven-3.6.1\repo\org\apache\httpcomponents\httpcore\4.4.10\httpcore-4.4.10.jar;D:\azrj\apache-maven-3.6.1\repo\commons-logging\commons-logging\1.2\commons-logging-1.2.jar;D:\azrj\apache-maven-3.6.1\repo\commons-codec\commons-codec\1.10\commons-codec-1.10.jar;D:\azrj\apache-maven-3.6.1\repo\cglib\cglib\3.2.8\cglib-3.2.8.jar;D:\azrj\apache-maven-3.6.1\repo\org\ow2\asm\asm\6.2.1\asm-6.2.1.jar;D:\azrj\apache-maven-3.6.1\repo\org\apache\ant\ant\1.10.3\ant-1.10.3.jar;D:\azrj\apache-maven-3.6.1\repo\org\apache\ant\ant-launcher\1.10.3\ant-launcher-1.10.3.jar;D:\azrj\apache-maven-3.6.1\repo\commons-validator\commons-validator\1.6\commons-validator-1.6.jar;D:\azrj\apache-maven-3.6.1\repo\commons-beanutils\commons-beanutils\1.9.2\commons-beanutils-1.9.2.jar;D:\azrj\apache-maven-3.6.1\repo\commons-digester\commons-digester\1.8.1\commons-digester-1.8.1.jar;D:\azrj\apache-maven-3.6.1\repo\commons-collections\commons-collections\3.2.2\commons-collections-3.2.2.jar;D:\azrj\apache-maven-3.6.1\repo\org\apache\commons\commons-lang3\3.8\commons-lang3-3.8.jar;D:\azrj\apache-maven-3.6.1\repo\commons-io\commons-io\2.6\commons-io-2.6.jar;D:\azrj\apache-maven-3.6.1\repo\org\springframework\spring-context\5.1.0.RELEASE\spring-context-5.1.0.RELEASE.jar;D:\azrj\apache-maven-3.6.1\repo\org\springframework\spring-aop\5.1.0.RELEASE\spring-aop-5.1.0.RELEASE.jar;D:\azrj\apache-maven-3.6.1\repo\org\springframework\spring-beans\5.1.0.RELEASE\spring-beans-5.1.0.RELEASE.jar;D:\azrj\apache-maven-3.6.1\repo\org\springframework\spring-core\5.1.0.RELEASE\spring-core-5.1.0.RELEASE.jar;D:\azrj\apache-maven-3.6.1\repo\org\springframework\spring-jcl\5.1.0.RELEASE\spring-jcl-5.1.0.RELEASE.jar;D:\azrj\apache-maven-3.6.1\repo\org\springframework\spring-expression\5.1.0.RELEASE\spring-expression-5.1.0.RELEASE.jar;D:\azrj\apache-maven-3.6.1\repo\org\aspectj\aspectjweaver\1.9.1\aspectjweaver-1.9.1.jar;D:\azrj\apache-maven-3.6.1\repo\org\slf4j\slf4j-api\1.7.25\slf4j-api-1.7.25.jar;D:\azrj\apache-maven-3.6.1\repo\org\testng\testng\7.0.0\testng-7.0.0.jar;D:\azrj\apache-maven-3.6.1\repo\com\beust\jcommander\1.72\jcommander-1.72.jar;D:\azrj\apache-maven-3.6.1\repo\log4j\log4j\1.2.17\log4j-1.2.17.jar;D:\azrj\apache-maven-3.6.1\repo\io\qameta\allure\allure-testng\2.6.0\allure-testng-2.6.0.jar;D:\azrj\apache-maven-3.6.1\repo\io\qameta\allure\allure-descriptions-javadoc\2.6.0\allure-descriptions-javadoc-2.6.0.jar;D:\azrj\apache-maven-3.6.1\repo\io\qameta\allure\allure-java-commons\2.6.0\allure-java-commons-2.6.0.jar;D:\azrj\apache-maven-3.6.1\repo\io\qameta\allure\allure2-model-api\1.0-BETA6\allure2-model-api-1.0-BETA6.jar;D:\azrj\apache-maven-3.6.1\repo\io\qameta\allure\allure2-model-pojo\1.0-BETA6\allure2-model-pojo-1.0-BETA6.jar;D:\azrj\apache-maven-3.6.1\repo\org\apache\tika\tika-core\1.14\tika-core-1.14.jar;D:\azrj\apache-maven-3.6.1\repo\io\qameta\allure\allure2-model-jackson\1.0-BETA6\allure2-model-jackson-1.0-BETA6.jar;D:\azrj\apache-maven-3.6.1\repo\com\fasterxml\jackson\core\jackson-databind\2.7.0\jackson-databind-2.7.0.jar;D:\azrj\apache-maven-3.6.1\repo\com\fasterxml\jackson\core\jackson-annotations\2.7.0\jackson-annotations-2.7.0.jar;D:\azrj\apache-maven-3.6.1\repo\com\fasterxml\jackson\core\jackson-core\2.7.0\jackson-core-2.7.0.jar;D:\azrj\apache-maven-3.6.1\repo\com\fasterxml\jackson\module\jackson-module-jaxb-annotations\2.7.0\jackson-module-jaxb-annotations-2.7.0.jar;D:\azrj\apache-maven-3.6.1\repo\org\aspectj\aspectjrt\1.8.10\aspectjrt-1.8.10.jar;D:\azrj\apache-maven-3.6.1\repo\org\jooq\joor\0.9.6\joor-0.9.6.jar;"/>
    <property name="sun.cpu.endian" value="little"/>
    <property name="allure.results.directory" value="D:\code\java20\auto_app\target/allure-results"/>
    <property name="user.home" value="C:\Users\luojie"/>
    <property name="user.language" value="zh"/>
    <property name="java.specification.vendor" value="Oracle Corporation"/>
    <property name="java.home" value="D:\Java\jdk1.8.0_231\jre"/>
    <property name="basedir" value="D:\code\java20\auto_app"/>
    <property name="file.separator" value="\"/>
    <property name="line.separator" value="&#10;"/>
    <property name="java.vm.specification.vendor" value="Oracle Corporation"/>
    <property name="java.specification.name" value="Java Platform API Specification"/>
    <property name="java.awt.graphicsenv" value="sun.awt.Win32GraphicsEnvironment"/>
    <property name="surefire.real.class.path" value="C:\Users\luojie\AppData\Local\Temp\surefire7018069706129191106\surefirebooter1420782618735159322.jar;D:\azrj\apache-maven-3.6.1\repo/org/aspectj/aspectjweaver/1.9.2/aspectjweaver-1.9.2.jar"/>
    <property name="sun.boot.class.path" value="D:\Java\jdk1.8.0_231\jre\lib\resources.jar;D:\Java\jdk1.8.0_231\jre\lib\rt.jar;D:\Java\jdk1.8.0_231\jre\lib\sunrsasign.jar;D:\Java\jdk1.8.0_231\jre\lib\jsse.jar;D:\Java\jdk1.8.0_231\jre\lib\jce.jar;D:\Java\jdk1.8.0_231\jre\lib\charsets.jar;D:\Java\jdk1.8.0_231\jre\lib\jfr.jar;D:\Java\jdk1.8.0_231\jre\classes"/>
    <property name="user.script" value=""/>
    <property name="sun.management.compiler" value="HotSpot 64-Bit Tiered Compilers"/>
    <property name="java.runtime.version" value="1.8.0_231-b11"/>
    <property name="user.name" value="luojie"/>
    <property name="path.separator" value=";"/>
    <property name="os.version" value="10.0"/>
    <property name="java.endorsed.dirs" value="D:\Java\jdk1.8.0_231\jre\lib\endorsed"/>
    <property name="java.runtime.name" value="Java(TM) SE Runtime Environment"/>
    <property name="file.encoding" value="UTF-8"/>
    <property name="java.vm.name" value="Java HotSpot(TM) 64-Bit Server VM"/>
    <property name="localRepository" value="D:\azrj\apache-maven-3.6.1\repo"/>
    <property name="java.vendor.url.bug" value="http://bugreport.sun.com/bugreport/"/>
    <property name="java.io.tmpdir" value="C:\Users\luojie\AppData\Local\Temp\"/>
    <property name="idea.version" value="2020.2.1"/>
    <property name="java.version" value="1.8.0_231"/>
    <property name="user.dir" value="D:\code\java20\auto_app"/>
    <property name="os.arch" value="amd64"/>
    <property name="java.vm.specification.name" value="Java Virtual Machine Specification"/>
    <property name="java.awt.printerjob" value="sun.awt.windows.WPrinterJob"/>
    <property name="sun.os.patch.level" value=""/>
    <property name="java.library.path" value="D:\Java\jdk1.8.0_231\jre\bin;C:\Windows\Sun\Java\bin;C:\Windows\system32;C:\Windows;D:\Java\jdk1.8.0_231\bin;D:\azrj\apache-maven-3.6.1\bin;C:\Windows\system32;C:\Windows;C:\Windows\System32\Wbem;C:\Windows\System32\WindowsPowerShell\v1.0\;C:\Windows\System32\OpenSSH\;C:\Program Files (x86)\NVIDIA Corporation\PhysX\Common;C:\Program Files\NVIDIA Corporation\NVIDIA NvDLISR;D:\azrj\VisualSVN Server\bin;D:\azrj\TortoiseSVN\bin;C:\Program Files\Git\cmd;D:\azrj\android-sdk-windows-appium\platform-tools;D:\azrj\android-sdk-windows-appium\build-tools\28.0.3;D:\azrj\android-sdk-windows-appium\tools;C:\Users\luojie\AppData\Local\Microsoft\WindowsApps;D:\azrj\Bandizip\;."/>
    <property name="java.vm.info" value="mixed mode"/>
    <property name="java.vendor" value="Oracle Corporation"/>
    <property name="java.vm.version" value="25.231-b11"/>
    <property name="java.ext.dirs" value="D:\Java\jdk1.8.0_231\jre\lib\ext;C:\Windows\Sun\Java\lib\ext"/>
    <property name="sun.io.unicode.encoding" value="UnicodeLittle"/>
    <property name="maven.repo.local" value="D:\azrj\apache-maven-3.6.1\repo"/>
    <property name="java.class.version" value="52.0"/>
  </properties>
  <testcase name="loginFailed" classname="com.lemon.cases.LoginCase" time="8.857"/>
  <testcase name="loginFailed02" classname="com.lemon.cases.LoginCase" time="15.121">
    <failure message="Expected condition failed: waiting for presence of element located by: By.xpath: //*[contains(@text,&apos;手机号码或密码不能为空1&apos;)] (tried for 10 second(s) with 500 milliseconds interval)" type="org.openqa.selenium.TimeoutException">org.openqa.selenium.TimeoutException: Expected condition failed: waiting for presence of element located by: By.xpath: //*[contains(@text,'手机号码或密码不能为空1')] (tried for 10 second(s) with 500 milliseconds interval)
	at com.lemon.cases.LoginCase.loginFailed02(LoginCase.java:66)
Caused by: org.openqa.selenium.NoSuchElementException: 
An element could not be located on the page using the given search parameters.
For documentation on this error, please visit: https://www.seleniumhq.org/exceptions/no_such_element.html
Build info: version: '3.141.59', revision: 'e82be7d358', time: '2018-11-14T08:17:03'
System info: host: 'LAPTOP-G2P2MI3J', ip: '192.168.199.193', os.name: 'Windows 10', os.arch: 'amd64', os.version: '10.0', java.version: '1.8.0_231'
Driver info: io.appium.java_client.android.AndroidDriver
Capabilities {appActivity: com.lemon.lemonban.activity..., appPackage: com.lemon.lemonban, databaseEnabled: false, desired: {appActivity: com.lemon.lemonban.activity..., appPackage: com.lemon.lemonban, deviceName: 127.0.0.1:62001, platformName: android}, deviceApiLevel: 25, deviceManufacturer: OPPO, deviceModel: OPPO R11 Plus, deviceName: 127.0.0.1:62001, deviceScreenDensity: 320, deviceScreenSize: 900x1600, deviceUDID: 127.0.0.1:62001, javascriptEnabled: true, locationContextEnabled: false, networkConnectionEnabled: true, pixelRatio: 2, platform: LINUX, platformName: Android, platformVersion: 7.1.2, statBarHeight: 48, takesScreenshot: true, viewportRect: {height: 1552, left: 0, top: 48, width: 900}, warnings: {}, webStorageEnabled: false}
Session ID: 3afb7b9e-e2bc-43c4-8b3b-6e39712c6e65
*** Element info: {Using=xpath, value=//*[contains(@text,'手机号码或密码不能为空1')]}
	at com.lemon.cases.LoginCase.loginFailed02(LoginCase.java:66)
</failure>
    <system-out><![CDATA[2020-10-20 21:31:28 INFO  BasePage:52 - 元素定位信息：By.xpath: //*[@content-desc="我的柠檬"]
2020-10-20 21:31:28 INFO  BasePage:52 - 元素定位信息：By.id: com.lemon.lemonban:id/fragment_my_lemon_avatar_title
2020-10-20 21:31:29 INFO  BasePage:42 - 元素定位信息：By.id: com.lemon.lemonban:id/et_mobile
2020-10-20 21:31:30 INFO  BasePage:42 - 元素定位信息：By.id: com.lemon.lemonban:id/et_password
2020-10-20 21:31:32 INFO  BasePage:52 - 元素定位信息：By.id: com.lemon.lemonban:id/btn_login
2020-10-20 21:31:32 INFO  BasePage:62 - 元素定位信息：By.xpath: //*[contains(@text,'手机号码或密码不能为空1')]
]]></system-out>
  </testcase>
  <testcase name="loginFailed02" classname="com.lemon.cases.LoginCase" time="4.967"/>
  <testcase name="loginFailed02" classname="com.lemon.cases.LoginCase" time="5.202"/>
  <testcase name="loginFailed02" classname="com.lemon.cases.LoginCase" time="5.282"/>
  <testcase name="loginSuccess" classname="com.lemon.cases.LoginCase" time="6.863"/>
  <testcase name="testFavorites" classname="com.lemon.cases.TikuCase" time="7.375"/>
  <testcase name="testShowAnswer" classname="com.lemon.cases.TikuCase" time="8.544"/>
</testsuite>