<?xml version="1.0" encoding="UTF-8"?>
<!-- Generated by org.testng.reporters.JUnitReportReporter -->
<testsuite skipped="0" hostname="LAPTOP-G2P2MI3J" name="com.lemon.cases.TikuCase" tests="2" failures="0" timestamp="2020-10-20T21:32:30 CST" time="15.918" errors="0">
  <testcase name="testShowAnswer" time="8.544" classname="com.lemon.cases.TikuCase"/>
  <testcase name="testFavorites" time="7.374" classname="com.lemon.cases.TikuCase"/>
</testsuite> <!-- com.lemon.cases.TikuCase -->
